<<<<<<< HEAD
Base path: D:/Unity/Editor/Data
Pipe name: \\.\pipe\UnityShaderCompiler-64bit-1-6496
=======
Base path: /Applications/Unity/Unity.app/Contents
Pipe name: \\.\pipe\UnityShaderCompiler-64bit-1-2076512256
>>>>>>> a4e5b074ece23ecb72fc988933036ca1b7518f76
Cmd: getPlatforms
Cmd: preprocess
  insize=219 outsize=219 ok=1
Cmd: preprocess
  insize=2317 outsize=849 ok=1
Cmd: compileSnippet
  api=0 type=0 insize=1770 outsize=1334 kw= pd= ok=1
Cmd: compileSnippet
  api=0 type=1 insize=1770 outsize=6 kw= pd= ok=1
Cmd: preprocess
  insize=1571 outsize=492 ok=1
Cmd: compileSnippet
  api=0 type=0 insize=1381 outsize=1084 kw= pd= ok=1
Cmd: compileSnippet
  api=0 type=1 insize=1381 outsize=6 kw= pd= ok=1
Cmd: preprocess
  insize=2886 outsize=889 ok=1
Cmd: compileSnippet
  api=0 type=0 insize=2301 outsize=2013 kw= pd= ok=1
Cmd: compileSnippet
  api=0 type=1 insize=2301 outsize=6 kw= pd= ok=1
Cmd: preprocess
  insize=2330 outsize=478 ok=1
Cmd: compileSnippet
  api=0 type=0 insize=2154 outsize=1818 kw= pd= ok=1
Cmd: compileSnippet
  api=0 type=1 insize=2154 outsize=6 kw= pd= ok=1
Cmd: preprocess
  insize=1986 outsize=887 ok=1
Cmd: compileSnippet
  api=0 type=0 insize=1401 outsize=1025 kw= pd= ok=1
Cmd: compileSnippet
  api=0 type=1 insize=1401 outsize=6 kw= pd= ok=1
Cmd: preprocess
  insize=1964 outsize=478 ok=1
Cmd: compileSnippet
  api=0 type=0 insize=1788 outsize=1320 kw= pd= ok=1
Cmd: compileSnippet
  api=0 type=1 insize=1788 outsize=6 kw= pd= ok=1
Cmd: preprocess
  insize=480 outsize=480 ok=1
Cmd: preprocess
  insize=2450 outsize=535 ok=1
Cmd: compileSnippet
  api=0 type=0 insize=2219 outsize=1886 kw= pd= ok=1
Cmd: compileSnippet
  api=0 type=1 insize=2219 outsize=6 kw= pd= ok=1
Cmd: preprocess
  insize=2083 outsize=533 ok=1
Cmd: compileSnippet
  api=0 type=0 insize=1852 outsize=1380 kw= pd= ok=1
Cmd: compileSnippet
  api=0 type=1 insize=1852 outsize=6 kw= pd= ok=1
Cmd: preprocess
  insize=1404 outsize=609 ok=1
Cmd: compileSnippet
  api=0 type=0 insize=1097 outsize=789 kw= pd= ok=1
Cmd: compileSnippet
  api=0 type=1 insize=1097 outsize=6 kw= pd= ok=1
Cmd: preprocess
  insize=1452 outsize=830 ok=1
Cmd: compileSnippet
  api=0 type=0 insize=924 outsize=495 kw= pd= ok=1
Cmd: compileSnippet
  api=0 type=1 insize=924 outsize=6 kw= pd= ok=1
Cmd: preprocess
  insize=1503 outsize=625 ok=1
Cmd: compileSnippet
  api=0 type=0 insize=1179 outsize=846 kw= pd= ok=1
Cmd: compileSnippet
  api=0 type=1 insize=1179 outsize=6 kw= pd= ok=1
Cmd: preprocess
  insize=2684 outsize=849 ok=1
Cmd: compileSnippet
  api=0 type=0 insize=2137 outsize=1832 kw= pd= ok=1
Cmd: compileSnippet
  api=0 type=1 insize=2137 outsize=6 kw= pd= ok=1
Cmd: preprocess
  insize=1636 outsize=878 ok=1
Cmd: compileSnippet
  api=0 type=0 insize=1060 outsize=692 kw= pd= ok=1
Cmd: compileSnippet
  api=0 type=1 insize=1060 outsize=6 kw= pd= ok=1
Cmd: preprocess
  insize=1560 outsize=533 ok=1
Cmd: compileSnippet
  api=0 type=0 insize=1329 outsize=907 kw= pd= ok=1
Cmd: compileSnippet
  api=0 type=1 insize=1329 outsize=6 kw= pd= ok=1
Cmd: preprocess
  insize=1428 outsize=478 ok=1
Cmd: compileSnippet
  api=0 type=0 insize=1252 outsize=828 kw= pd= ok=1
Cmd: compileSnippet
  api=0 type=1 insize=1252 outsize=6 kw= pd= ok=1
Cmd: preprocess
  insize=2919 outsize=2081 ok=1
Cmd: compileSnippet
  api=0 type=0 insize=8002 outsize=4104 kw=DIRECTIONAL SHADOWS_OFF LIGHTMAP_OFF DIRLIGHTMAP_OFF DYNAMICLIGHTMAP_OFF pd= ok=1
Cmd: compileSnippet
  api=0 type=1 insize=8002 outsize=6 kw=DIRECTIONAL SHADOWS_OFF LIGHTMAP_OFF DIRLIGHTMAP_OFF DYNAMICLIGHTMAP_OFF pd= ok=1
Cmd: compileSnippet
  api=0 type=0 insize=5305 outsize=3438 kw=POINT pd= ok=1
Cmd: compileSnippet
  api=0 type=1 insize=5305 outsize=6 kw=POINT pd= ok=1
Cmd: compileSnippet
  api=0 type=0 insize=4655 outsize=3751 kw= pd= ok=1
Cmd: compileSnippet
  api=0 type=1 insize=4655 outsize=6 kw= pd= ok=1
Cmd: compileSnippet
  api=0 type=0 insize=7571 outsize=2750 kw=DIRECTIONAL SHADOWS_OFF LIGHTMAP_OFF DIRLIGHTMAP_OFF DYNAMICLIGHTMAP_OFF pd= ok=1
Cmd: compileSnippet
  api=0 type=1 insize=7571 outsize=6 kw=DIRECTIONAL SHADOWS_OFF LIGHTMAP_OFF DIRLIGHTMAP_OFF DYNAMICLIGHTMAP_OFF pd= ok=1
Cmd: compileSnippet
  api=0 type=0 insize=4346 outsize=2213 kw=POINT pd= ok=1
Cmd: compileSnippet
  api=0 type=1 insize=4346 outsize=6 kw=POINT pd= ok=1
Cmd: compileSnippet
  api=0 type=0 insize=3735 outsize=2274 kw= pd= ok=1
Cmd: compileSnippet
  api=0 type=1 insize=3735 outsize=6 kw= pd= ok=1
Cmd: preprocess
  insize=2519 outsize=887 ok=1
Cmd: compileSnippet
  api=0 type=0 insize=1934 outsize=1515 kw= pd= ok=1
Cmd: compileSnippet
  api=0 type=1 insize=1934 outsize=6 kw= pd= ok=1
Cmd: preprocess
  insize=1784 outsize=847 ok=1
Cmd: compileSnippet
  api=0 type=0 insize=1237 outsize=844 kw= pd= ok=1
Cmd: compileSnippet
  api=0 type=1 insize=1237 outsize=6 kw= pd= ok=1
Cmd: preprocess
  insize=2474 outsize=494 ok=1
Cmd: compileSnippet
  api=0 type=0 insize=2284 outsize=2072 kw= pd= ok=1
Cmd: compileSnippet
  api=0 type=1 insize=2284 outsize=6 kw= pd= ok=1
Cmd: preprocess
  insize=435 outsize=435 ok=1
Cmd: preprocess
  insize=1465 outsize=506 ok=1
Cmd: compileSnippet
  api=0 type=0 insize=1260 outsize=1021 kw= pd= ok=1
Cmd: compileSnippet
  api=0 type=1 insize=1260 outsize=6 kw= pd= ok=1
Cmd: preprocess
  insize=1414 outsize=840 ok=1
Cmd: compileSnippet
  api=0 type=0 insize=876 outsize=429 kw= pd= ok=1
Cmd: compileSnippet
  api=0 type=1 insize=876 outsize=6 kw= pd= ok=1
Cmd: preprocess
  insize=5950 outsize=3828 ok=1
Cmd: compileSnippet
  api=0 type=0 insize=9622 outsize=5050 kw=DIRECTIONAL LIGHTMAP_OFF DIRLIGHTMAP_OFF DYNAMICLIGHTMAP_OFF pd= ok=1
Cmd: compileSnippet
  api=0 type=1 insize=9622 outsize=6 kw=DIRECTIONAL LIGHTMAP_OFF DIRLIGHTMAP_OFF DYNAMICLIGHTMAP_OFF pd= ok=1
Cmd: compileSnippet
  api=0 type=0 insize=6813 outsize=4350 kw=POINT pd= ok=1
Cmd: compileSnippet
  api=0 type=1 insize=6813 outsize=6 kw=POINT pd= ok=1
Cmd: compileSnippet
  api=0 type=0 insize=6287 outsize=4841 kw= pd= ok=1
Cmd: compileSnippet
  api=0 type=1 insize=6287 outsize=6 kw= pd= ok=1
Cmd: compileSnippet
  api=0 type=0 insize=8437 outsize=4493 kw=DIRECTIONAL LIGHTMAP_OFF DIRLIGHTMAP_OFF DYNAMICLIGHTMAP_OFF pd= ok=1
Cmd: compileSnippet
  api=0 type=1 insize=8437 outsize=6 kw=DIRECTIONAL LIGHTMAP_OFF DIRLIGHTMAP_OFF DYNAMICLIGHTMAP_OFF pd= ok=1
Cmd: compileSnippet
  api=0 type=0 insize=5715 outsize=3794 kw=POINT pd= ok=1
Cmd: compileSnippet
  api=0 type=1 insize=5715 outsize=6 kw=POINT pd= ok=1
Cmd: compileSnippet
  api=0 type=0 insize=5189 outsize=4042 kw= pd= ok=1
Cmd: compileSnippet
  api=0 type=1 insize=5189 outsize=6 kw= pd= ok=1
Cmd: compileSnippet
  api=0 type=0 insize=7455 outsize=2540 kw=DIRECTIONAL LIGHTMAP_OFF DIRLIGHTMAP_OFF DYNAMICLIGHTMAP_OFF pd= ok=1
Cmd: compileSnippet
  api=0 type=1 insize=7455 outsize=6 kw=DIRECTIONAL LIGHTMAP_OFF DIRLIGHTMAP_OFF DYNAMICLIGHTMAP_OFF pd= ok=1
Cmd: compileSnippet
  api=0 type=0 insize=4159 outsize=2063 kw=POINT pd= ok=1
Cmd: compileSnippet
  api=0 type=1 insize=4159 outsize=6 kw=POINT pd= ok=1
Cmd: compileSnippet
  api=0 type=0 insize=3595 outsize=2672 kw= pd= ok=1
Cmd: compileSnippet
  api=0 type=1 insize=3595 outsize=6 kw= pd= ok=1
Cmd: preprocess
  insize=1464 outsize=884 ok=1
Cmd: compileSnippet
  api=0 type=0 insize=882 outsize=429 kw= pd= ok=1
Cmd: compileSnippet
  api=0 type=1 insize=882 outsize=6 kw= pd= ok=1
Cmd: preprocess
  insize=2263 outsize=2680 ok=1
Cmd: compileSnippet
  api=0 type=0 insize=8104 outsize=4233 kw=DIRECTIONAL SHADOWS_OFF LIGHTMAP_OFF DIRLIGHTMAP_OFF DYNAMICLIGHTMAP_OFF pd= ok=1
Cmd: compileSnippet
  api=0 type=1 insize=8104 outsize=6 kw=DIRECTIONAL SHADOWS_OFF LIGHTMAP_OFF DIRLIGHTMAP_OFF DYNAMICLIGHTMAP_OFF pd= ok=1
Cmd: compileSnippet
  api=0 type=0 insize=5407 outsize=3539 kw=POINT pd= ok=1
Cmd: compileSnippet
  api=0 type=1 insize=5407 outsize=6 kw=POINT pd= ok=1
Cmd: compileSnippet
  api=0 type=0 insize=4757 outsize=3785 kw= pd= ok=1
Cmd: compileSnippet
  api=0 type=1 insize=4757 outsize=6 kw= pd= ok=1
Cmd: compileSnippet
  api=0 type=0 insize=6993 outsize=2372 kw=DIRECTIONAL SHADOWS_OFF LIGHTMAP_OFF DIRLIGHTMAP_OFF DYNAMICLIGHTMAP_OFF pd= ok=1
Cmd: compileSnippet
  api=0 type=1 insize=6993 outsize=6 kw=DIRECTIONAL SHADOWS_OFF LIGHTMAP_OFF DIRLIGHTMAP_OFF DYNAMICLIGHTMAP_OFF pd= ok=1
Cmd: compileSnippet
  api=0 type=0 insize=3764 outsize=1864 kw=POINT pd= ok=1
Cmd: compileSnippet
  api=0 type=1 insize=3764 outsize=6 kw=POINT pd= ok=1
Cmd: compileSnippet
  api=0 type=0 insize=2971 outsize=978 kw= pd= ok=1
Cmd: compileSnippet
  api=0 type=1 insize=2971 outsize=6 kw= pd= ok=1
Cmd: compileSnippet
  api=0 type=0 insize=6032 outsize=2724 kw=LIGHTMAP_OFF DIRLIGHTMAP_OFF DYNAMICLIGHTMAP_OFF HDR_LIGHT_PREPASS_OFF pd= ok=1
Cmd: compileSnippet
  api=0 type=1 insize=6032 outsize=6 kw=LIGHTMAP_OFF DIRLIGHTMAP_OFF DYNAMICLIGHTMAP_OFF HDR_LIGHT_PREPASS_OFF pd= ok=1
Cmd: compileSnippet
  api=0 type=0 insize=5908 outsize=2719 kw=LIGHTMAP_OFF DIRLIGHTMAP_OFF DYNAMICLIGHTMAP_OFF HDR_LIGHT_PREPASS_OFF pd= ok=1
Cmd: compileSnippet
  api=0 type=1 insize=5908 outsize=6 kw=LIGHTMAP_OFF DIRLIGHTMAP_OFF DYNAMICLIGHTMAP_OFF HDR_LIGHT_PREPASS_OFF pd= ok=1
Cmd: compileSnippet
  api=0 type=0 insize=3162 outsize=2415 kw= pd= ok=1
Cmd: compileSnippet
  api=0 type=1 insize=3162 outsize=6 kw= pd= ok=1
Cmd: preprocess
  insize=1287 outsize=490 ok=1
Cmd: compileSnippet
  api=0 type=0 insize=1099 outsize=752 kw= pd= ok=1
Cmd: compileSnippet
  api=0 type=1 insize=1099 outsize=6 kw= pd= ok=1
Cmd: preprocess
  insize=1232 outsize=482 ok=1
Cmd: compileSnippet
  api=0 type=0 insize=1051 outsize=751 kw= pd= ok=1
Cmd: compileSnippet
  api=0 type=1 insize=1051 outsize=6 kw= pd= ok=1
Cmd: preprocess
  insize=2107 outsize=491 ok=1
Cmd: compileSnippet
  api=0 type=0 insize=1917 outsize=1574 kw= pd= ok=1
Cmd: compileSnippet
  api=0 type=1 insize=1917 outsize=6 kw= pd= ok=1
Cmd: preprocess
  insize=1668 outsize=929 ok=1
Cmd: compileSnippet
  api=0 type=0 insize=1041 outsize=678 kw= pd= ok=1
Cmd: compileSnippet
  api=0 type=1 insize=1041 outsize=6 kw= pd= ok=1
